This file contains any messages produced by compilers while
running configure, to aid debugging if configure makes a mistake.

It was created by shellize configure 0.0.1, which was
generated by GNU Autoconf 2.68.  Invocation command line was

  $ ./configure --no-create --no-recursion

## --------- ##
## Platform. ##
## --------- ##

hostname = p6813w.darkzone.un
uname -m = x86_64
uname -r = 3.4.2-1.fc16.x86_64
uname -s = Linux
uname -v = #1 SMP Thu Jun 14 20:17:26 UTC 2012

/usr/bin/uname -p = unknown
/bin/uname -X     = unknown

/bin/arch              = x86_64
/usr/bin/arch -k       = unknown
/usr/convex/getsysinfo = unknown
/usr/bin/hostinfo      = unknown
/bin/machine           = unknown
/usr/bin/oslevel       = unknown
/bin/universe          = unknown

PATH: /opt/bin
PATH: /opt/sbin
PATH: /bin
PATH: /usr/bin
PATH: /sbin
PATH: /usr/sbin
PATH: /usr/local/bin
PATH: /home/reynolds/bin


## ----------- ##
## Core tests. ##
## ----------- ##

configure:1723: checking for a BSD-compatible install
configure:1791: result: /usr/bin/install -c
configure:1802: checking whether build environment is sane
configure:1852: result: yes
configure:1993: checking for a thread-safe mkdir -p
configure:2032: result: /bin/mkdir -p
configure:2045: checking for gawk
configure:2061: found /bin/gawk
configure:2072: result: gawk
configure:2083: checking whether make sets $(MAKE)
configure:2105: result: yes
configure:2349: creating ./config.status

## ---------------- ##
## Cache variables. ##
## ---------------- ##

ac_cv_env_build_alias_set=
ac_cv_env_build_alias_value=
ac_cv_env_host_alias_set=
ac_cv_env_host_alias_value=
ac_cv_env_target_alias_set=
ac_cv_env_target_alias_value=
ac_cv_path_install='/usr/bin/install -c'
ac_cv_path_mkdir=/bin/mkdir
ac_cv_prog_AWK=gawk
ac_cv_prog_make_make_set=yes

## ----------------- ##
## Output variables. ##
## ----------------- ##

ACLOCAL='${SHELL} /home/reynolds/src/s/shellize.git/missing --run aclocal-1.11'
AMTAR='${SHELL} /home/reynolds/src/s/shellize.git/missing --run tar'
AUTOCONF='${SHELL} /home/reynolds/src/s/shellize.git/missing --run autoconf'
AUTOHEADER='${SHELL} /home/reynolds/src/s/shellize.git/missing --run autoheader'
AUTOMAKE='${SHELL} /home/reynolds/src/s/shellize.git/missing --run automake-1.11'
AWK='gawk'
CYGPATH_W='echo'
DEFS='-DPACKAGE_NAME=\"shellize\" -DPACKAGE_TARNAME=\"shellize\" -DPACKAGE_VERSION=\"0.0.1\" -DPACKAGE_STRING=\"shellize\ 0.0.1\" -DPACKAGE_BUGREPORT=\"Tommy.Reynolds@MegaCoder.com\" -DPACKAGE_URL=\"\" -DPACKAGE=\"shellize\" -DVERSION=\"0.0.1\"'
ECHO_C=''
ECHO_N='-n'
ECHO_T=''
INSTALL_DATA='${INSTALL} -m 644'
INSTALL_PROGRAM='${INSTALL}'
INSTALL_SCRIPT='${INSTALL}'
INSTALL_STRIP_PROGRAM='$(install_sh) -c -s'
LIBOBJS=''
LIBS=''
LTLIBOBJS=''
MAKEINFO='${SHELL} /home/reynolds/src/s/shellize.git/missing --run makeinfo'
MKDIR_P='/bin/mkdir -p'
PACKAGE='shellize'
PACKAGE_BUGREPORT='Tommy.Reynolds@MegaCoder.com'
PACKAGE_NAME='shellize'
PACKAGE_STRING='shellize 0.0.1'
PACKAGE_TARNAME='shellize'
PACKAGE_URL=''
PACKAGE_VERSION='0.0.1'
PATH_SEPARATOR=':'
SET_MAKE=''
SHELL='/bin/sh'
STRIP=''
VERSION='0.0.1'
am__isrc=''
am__leading_dot='.'
am__tar='${AMTAR} chof - "$$tardir"'
am__untar='${AMTAR} xf -'
bindir='${exec_prefix}/bin'
build_alias=''
datadir='${datarootdir}'
datarootdir='${prefix}/share'
docdir='${datarootdir}/doc/${PACKAGE_TARNAME}'
dvidir='${docdir}'
exec_prefix='${prefix}'
host_alias=''
htmldir='${docdir}'
includedir='${prefix}/include'
infodir='${datarootdir}/info'
install_sh='${SHELL} /home/reynolds/src/s/shellize.git/install-sh'
libdir='${exec_prefix}/lib'
libexecdir='${exec_prefix}/libexec'
localedir='${datarootdir}/locale'
localstatedir='${prefix}/var'
mandir='${datarootdir}/man'
mkdir_p='/bin/mkdir -p'
oldincludedir='/usr/include'
pdfdir='${docdir}'
prefix='/usr/local'
program_transform_name='s,x,x,'
psdir='${docdir}'
sbindir='${exec_prefix}/sbin'
sharedstatedir='${prefix}/com'
sysconfdir='${prefix}/etc'
target_alias=''

## ----------- ##
## confdefs.h. ##
## ----------- ##

/* confdefs.h */
#define PACKAGE_NAME "shellize"
#define PACKAGE_TARNAME "shellize"
#define PACKAGE_VERSION "0.0.1"
#define PACKAGE_STRING "shellize 0.0.1"
#define PACKAGE_BUGREPORT "Tommy.Reynolds@MegaCoder.com"
#define PACKAGE_URL ""
#define PACKAGE "shellize"
#define VERSION "0.0.1"

configure: exit 0

## ---------------------- ##
## Running config.status. ##
## ---------------------- ##

This file was extended by shellize config.status 0.0.1, which was
generated by GNU Autoconf 2.68.  Invocation command line was

  CONFIG_FILES    = 
  CONFIG_HEADERS  = 
  CONFIG_LINKS    = 
  CONFIG_COMMANDS = 
  $ ./config.status 

on p6813w.darkzone.un

config.status:752: creating Makefile
config.status:752: creating src/Makefile
config.status:752: creating shellize.spec
